mode: set
github.com/masharpik/TransactionalSystem/app/transaction/delivery/handlers.go:14.47,15.16 1 1
github.com/masharpik/TransactionalSystem/app/transaction/delivery/handlers.go:15.16,17.3 1 1
github.com/masharpik/TransactionalSystem/app/transaction/delivery/handlers.go:19.2,21.41 2 1
github.com/masharpik/TransactionalSystem/app/transaction/delivery/handlers.go:21.41,23.3 1 1
github.com/masharpik/TransactionalSystem/app/transaction/delivery/handlers.go:25.2,25.12 1 1
github.com/masharpik/TransactionalSystem/app/transaction/delivery/handlers.go:28.48,29.16 1 1
github.com/masharpik/TransactionalSystem/app/transaction/delivery/handlers.go:29.16,31.3 1 1
github.com/masharpik/TransactionalSystem/app/transaction/delivery/handlers.go:33.2,35.41 2 1
github.com/masharpik/TransactionalSystem/app/transaction/delivery/handlers.go:35.41,37.3 1 1
github.com/masharpik/TransactionalSystem/app/transaction/delivery/handlers.go:39.2,39.12 1 1
github.com/masharpik/TransactionalSystem/app/transaction/delivery/handlers.go:42.78,46.16 4 1
github.com/masharpik/TransactionalSystem/app/transaction/delivery/handlers.go:46.16,49.3 2 0
github.com/masharpik/TransactionalSystem/app/transaction/delivery/handlers.go:51.2,52.16 2 1
github.com/masharpik/TransactionalSystem/app/transaction/delivery/handlers.go:52.16,55.3 2 1
github.com/masharpik/TransactionalSystem/app/transaction/delivery/handlers.go:57.2,58.16 2 1
github.com/masharpik/TransactionalSystem/app/transaction/delivery/handlers.go:58.16,61.17 2 1
github.com/masharpik/TransactionalSystem/app/transaction/delivery/handlers.go:62.39,64.10 2 1
github.com/masharpik/TransactionalSystem/app/transaction/delivery/handlers.go:65.11,67.10 2 1
github.com/masharpik/TransactionalSystem/app/transaction/delivery/handlers.go:71.2,71.60 1 1
github.com/masharpik/TransactionalSystem/app/transaction/delivery/handlers.go:74.79,78.16 4 1
github.com/masharpik/TransactionalSystem/app/transaction/delivery/handlers.go:78.16,81.3 2 0
github.com/masharpik/TransactionalSystem/app/transaction/delivery/handlers.go:83.2,84.16 2 1
github.com/masharpik/TransactionalSystem/app/transaction/delivery/handlers.go:84.16,87.3 2 1
github.com/masharpik/TransactionalSystem/app/transaction/delivery/handlers.go:89.2,90.16 2 1
github.com/masharpik/TransactionalSystem/app/transaction/delivery/handlers.go:90.16,93.17 2 1
github.com/masharpik/TransactionalSystem/app/transaction/delivery/handlers.go:94.34,96.10 2 1
github.com/masharpik/TransactionalSystem/app/transaction/delivery/handlers.go:97.39,99.10 2 1
github.com/masharpik/TransactionalSystem/app/transaction/delivery/handlers.go:100.11,102.10 2 1
github.com/masharpik/TransactionalSystem/app/transaction/delivery/handlers.go:106.2,106.60 1 1
